 
****************************************
Report : area
Design : bist
Version: W-2024.09-SP5-5
Date   : Wed Dec 24 14:57:22 2025
****************************************

Information: Updating design information... (UID-85)
Library(s) Used:

    N16ADFP_StdCelltt0p8v25c (File: /home/ns6503/Documents/winter_mbist/synth/lib/N16ADFP_StdCelltt0p8v25c.db)

Number of ports:                          159
Number of nets:                          1807
Number of cells:                         1691
Number of combinational cells:           1154
Number of sequential cells:               530
Number of macros/black boxes:               0
Number of buf/inv:                         95
Number of references:                      12

Combinational area:                412.646409
Buf/Inv area:                       14.774401
Noncombinational area:             494.553607
Macro/Black Box area:                0.000000
Net Interconnect area:      undefined  (Wire load has zero net area)

Total cell area:                   907.200015
Total area:                 undefined
1
